2024-08-11 00:03:07.697+0000 [id=1]	INFO	winstone.Logger#logInternal: Beginning extraction from war file
2024-08-11 00:03:08.902+0000 [id=1]	WARNING	o.e.j.s.handler.ContextHandler#setContextPath: Empty contextPath
2024-08-11 00:03:08.950+0000 [id=1]	INFO	org.eclipse.jetty.server.Server#doStart: jetty-10.0.20; built: 2024-01-29T20:46:45.278Z; git: 3a745c71c23682146f262b99f4ddc4c1bc41630c; jvm 21.0.4+8-LTS-274
2024-08-11 00:03:09.246+0000 [id=1]	INFO	o.e.j.w.StandardDescriptorProcessor#visitServlet: NO JSP Support for /, did not find org.eclipse.jetty.jsp.JettyJspServlet
2024-08-11 00:03:09.285+0000 [id=1]	INFO	o.e.j.s.s.DefaultSessionIdManager#doStart: Session workerName=node0
2024-08-11 00:03:09.614+0000 [id=1]	INFO	hudson.WebAppMain#contextInitialized: Jenkins home directory: C:\ProgramData\Jenkins\.jenkins found at: EnvVars.masterEnvVars.get("JENKINS_HOME")
2024-08-11 00:03:09.713+0000 [id=1]	INFO	o.e.j.s.handler.ContextHandler#doStart: Started w.@6c03fb16{Jenkins v2.462.1,/,file:///C:/ProgramData/Jenkins/war/,AVAILABLE}{C:\ProgramData\Jenkins\war}
2024-08-11 00:03:09.728+0000 [id=1]	INFO	o.e.j.server.AbstractConnector#doStart: Started ServerConnector@54eb2b70{HTTP/1.1, (http/1.1)}{0.0.0.0:1010}
2024-08-11 00:03:09.737+0000 [id=1]	INFO	org.eclipse.jetty.server.Server#doStart: Started Server@2796aeae{STARTING}[10.0.20,sto=0] @2407ms
2024-08-11 00:03:09.737+0000 [id=42]	INFO	winstone.Logger#logInternal: Winstone Servlet Engine running: controlPort=disabled
2024-08-11 00:03:09.923+0000 [id=50]	INFO	jenkins.InitReactorRunner$1#onAttained: Started initialization
2024-08-11 00:03:09.924+0000 [id=72]	INFO	jenkins.InitReactorRunner$1#onAttained: Listed all plugins
2024-08-11 00:03:10.549+0000 [id=69]	INFO	jenkins.InitReactorRunner$1#onAttained: Prepared all plugins
2024-08-11 00:03:10.553+0000 [id=69]	INFO	jenkins.InitReactorRunner$1#onAttained: Started all plugins
2024-08-11 00:03:10.557+0000 [id=48]	INFO	jenkins.InitReactorRunner$1#onAttained: Augmented all extensions
2024-08-11 00:03:10.685+0000 [id=50]	INFO	jenkins.InitReactorRunner$1#onAttained: System config loaded
2024-08-11 00:03:10.685+0000 [id=71]	INFO	jenkins.InitReactorRunner$1#onAttained: System config adapted
2024-08-11 00:03:10.686+0000 [id=68]	INFO	jenkins.InitReactorRunner$1#onAttained: Loaded all jobs
2024-08-11 00:03:10.687+0000 [id=65]	INFO	jenkins.InitReactorRunner$1#onAttained: Configuration for all jobs updated
2024-08-11 00:03:10.702+0000 [id=86]	INFO	hudson.util.Retrier#start: Tentativa #1 para tomar a ação check updates server
2024-08-11 00:03:10.920+0000 [id=62]	INFO	jenkins.install.SetupWizard#init: 

*************************************************************
*************************************************************
*************************************************************

Jenkins initial setup is required. An admin user has been created and a password generated.
Please use the following password to proceed to installation:

e9f243bd435242f7a3c183a361a093f3

This may also be found at: C:\ProgramData\Jenkins\.jenkins\secrets\initialAdminPassword

*************************************************************
*************************************************************
*************************************************************

2024-08-11 00:03:13.639+0000 [id=55]	INFO	jenkins.InitReactorRunner$1#onAttained: Completed initialization
2024-08-11 00:03:13.649+0000 [id=41]	INFO	hudson.lifecycle.Lifecycle#onReady: Jenkins is fully up and running
2024-08-11 00:03:14.295+0000 [id=86]	INFO	h.m.DownloadService$Downloadable#load: Obtained the updated data file for hudson.tasks.Maven.MavenInstaller
2024-08-11 00:03:14.296+0000 [id=86]	INFO	hudson.util.Retrier#start: Tomou a ação check updates server com sucesso na tentativa #1
2024-08-11 00:05:11.295+0000 [id=113]	INFO	hudson.PluginManager#install: Starting installation of a batch of 20 plugins plus their dependencies
2024-08-11 00:05:11.296+0000 [id=113]	INFO	hudson.model.UpdateSite$Plugin#deploy: Adding dependent install of ionicons-api for plugin cloudbees-folder
2024-08-11 00:05:11.297+0000 [id=122]	INFO	h.model.UpdateCenter$DownloadJob#run: Starting the installation of ionicons-api on behalf of admin
2024-08-11 00:05:11.297+0000 [id=113]	INFO	hudson.model.UpdateSite$Plugin#deploy: Adding dependent install of json-path-api for plugin build-timeout
2024-08-11 00:05:11.297+0000 [id=113]	INFO	hudson.model.UpdateSite$Plugin#deploy: Adding dependent install of asm-api for plugin json-path-api
2024-08-11 00:05:11.297+0000 [id=122]	INFO	h.m.UpdateCenter$UpdateCenterConfiguration#download: Downloading ionicons-api
2024-08-11 00:05:11.297+0000 [id=113]	INFO	hudson.model.UpdateSite$Plugin#deploy: Adding dependent install of token-macro for plugin build-timeout
2024-08-11 00:05:11.298+0000 [id=113]	INFO	hudson.model.UpdateSite$Plugin#deploy: Adding dependent install of structs for plugin token-macro
2024-08-11 00:05:11.298+0000 [id=113]	INFO	hudson.model.UpdateSite$Plugin#deploy: Adding dependent install of workflow-step-api for plugin token-macro
2024-08-11 00:05:11.298+0000 [id=113]	INFO	hudson.model.UpdateSite$Plugin#deploy: Adding dependent install of plain-credentials for plugin credentials-binding
2024-08-11 00:05:11.299+0000 [id=113]	INFO	hudson.model.UpdateSite$Plugin#deploy: Adding dependent install of credentials for plugin plain-credentials
2024-08-11 00:05:11.299+0000 [id=113]	INFO	hudson.model.UpdateSite$Plugin#deploy: Adding dependent install of bouncycastle-api for plugin credentials
2024-08-11 00:05:11.299+0000 [id=113]	INFO	hudson.model.UpdateSite$Plugin#deploy: Adding dependent install of ssh-credentials for plugin credentials-binding
2024-08-11 00:05:11.299+0000 [id=113]	INFO	hudson.model.UpdateSite$Plugin#deploy: Adding dependent install of variant for plugin ssh-credentials
2024-08-11 00:05:11.301+0000 [id=113]	INFO	hudson.model.UpdateSite$Plugin#deploy: Adding dependent install of workflow-api for plugin timestamper
2024-08-11 00:05:11.301+0000 [id=113]	INFO	hudson.model.UpdateSite$Plugin#deploy: Adding dependent install of scm-api for plugin workflow-api
2024-08-11 00:05:11.301+0000 [id=113]	INFO	hudson.model.UpdateSite$Plugin#deploy: Adding dependent install of commons-lang3-api for plugin timestamper
2024-08-11 00:05:11.301+0000 [id=113]	INFO	hudson.model.UpdateSite$Plugin#deploy: Adding dependent install of matrix-project for plugin ws-cleanup
2024-08-11 00:05:11.302+0000 [id=113]	INFO	hudson.model.UpdateSite$Plugin#deploy: Adding dependent install of script-security for plugin matrix-project
2024-08-11 00:05:11.302+0000 [id=113]	INFO	hudson.model.UpdateSite$Plugin#deploy: Adding dependent install of caffeine-api for plugin script-security
2024-08-11 00:05:11.302+0000 [id=113]	INFO	hudson.model.UpdateSite$Plugin#deploy: Adding dependent install of junit for plugin matrix-project
2024-08-11 00:05:11.302+0000 [id=113]	INFO	hudson.model.UpdateSite$Plugin#deploy: Adding dependent install of jackson2-api for plugin junit
2024-08-11 00:05:11.302+0000 [id=113]	INFO	hudson.model.UpdateSite$Plugin#deploy: Adding dependent install of jaxb for plugin jackson2-api
2024-08-11 00:05:11.303+0000 [id=113]	INFO	hudson.model.UpdateSite$Plugin#deploy: Adding dependent install of javax-activation-api for plugin jaxb
2024-08-11 00:05:11.303+0000 [id=113]	INFO	hudson.model.UpdateSite$Plugin#deploy: Adding dependent install of snakeyaml-api for plugin jackson2-api
2024-08-11 00:05:11.303+0000 [id=113]	INFO	hudson.model.UpdateSite$Plugin#deploy: Adding dependent install of json-api for plugin jackson2-api
2024-08-11 00:05:11.303+0000 [id=113]	INFO	hudson.model.UpdateSite$Plugin#deploy: Adding dependent install of bootstrap5-api for plugin junit
2024-08-11 00:05:11.303+0000 [id=113]	INFO	hudson.model.UpdateSite$Plugin#deploy: Adding dependent install of font-awesome-api for plugin bootstrap5-api
2024-08-11 00:05:11.303+0000 [id=113]	INFO	hudson.model.UpdateSite$Plugin#deploy: Adding dependent install of commons-text-api for plugin font-awesome-api
2024-08-11 00:05:11.304+0000 [id=113]	INFO	hudson.model.UpdateSite$Plugin#deploy: Adding dependent install of plugin-util-api for plugin font-awesome-api
2024-08-11 00:05:11.304+0000 [id=113]	INFO	hudson.model.UpdateSite$Plugin#deploy: Adding dependent install of workflow-support for plugin plugin-util-api
2024-08-11 00:05:11.304+0000 [id=113]	INFO	hudson.model.UpdateSite$Plugin#deploy: Adding dependent install of echarts-api for plugin junit
2024-08-11 00:05:11.305+0000 [id=113]	INFO	hudson.model.UpdateSite$Plugin#deploy: Adding dependent install of jquery3-api for plugin echarts-api
2024-08-11 00:05:11.305+0000 [id=113]	INFO	hudson.model.UpdateSite$Plugin#deploy: Adding dependent install of display-url-api for plugin junit
2024-08-11 00:05:11.306+0000 [id=113]	INFO	hudson.model.UpdateSite$Plugin#deploy: Adding dependent install of checks-api for plugin junit
2024-08-11 00:05:11.306+0000 [id=113]	INFO	hudson.model.UpdateSite$Plugin#deploy: Adding dependent install of resource-disposer for plugin ws-cleanup
2024-08-11 00:05:11.306+0000 [id=113]	INFO	hudson.model.UpdateSite$Plugin#deploy: Adding dependent install of javax-mail-api for plugin gradle
2024-08-11 00:05:11.306+0000 [id=113]	INFO	hudson.model.UpdateSite$Plugin#deploy: Adding dependent install of workflow-durable-task-step for plugin gradle
2024-08-11 00:05:11.307+0000 [id=113]	INFO	hudson.model.UpdateSite$Plugin#deploy: Adding dependent install of durable-task for plugin workflow-durable-task-step
2024-08-11 00:05:11.307+0000 [id=113]	INFO	hudson.model.UpdateSite$Plugin#deploy: Adding dependent install of instance-identity for plugin gradle
2024-08-11 00:05:11.307+0000 [id=113]	INFO	hudson.model.UpdateSite$Plugin#deploy: Adding dependent install of workflow-cps for plugin gradle
2024-08-11 00:05:11.307+0000 [id=113]	INFO	hudson.model.UpdateSite$Plugin#deploy: Adding dependent install of workflow-scm-step for plugin workflow-cps
2024-08-11 00:05:11.307+0000 [id=113]	INFO	hudson.model.UpdateSite$Plugin#deploy: Adding dependent install of workflow-job for plugin gradle
2024-08-11 00:05:11.308+0000 [id=113]	INFO	hudson.model.UpdateSite$Plugin#deploy: Adding dependent install of workflow-basic-steps for plugin gradle
2024-08-11 00:05:11.308+0000 [id=113]	INFO	hudson.model.UpdateSite$Plugin#deploy: Adding dependent install of jakarta-mail-api for plugin workflow-basic-steps
2024-08-11 00:05:11.308+0000 [id=113]	INFO	hudson.model.UpdateSite$Plugin#deploy: Adding dependent install of jakarta-activation-api for plugin jakarta-mail-api
2024-08-11 00:05:11.308+0000 [id=113]	INFO	hudson.model.UpdateSite$Plugin#deploy: Adding dependent install of apache-httpcomponents-client-4-api for plugin workflow-basic-steps
2024-08-11 00:05:11.308+0000 [id=113]	INFO	hudson.model.UpdateSite$Plugin#deploy: Adding dependent install of mailer for plugin workflow-basic-steps
2024-08-11 00:05:11.308+0000 [id=113]	INFO	hudson.model.UpdateSite$Plugin#deploy: Adding dependent install of pipeline-milestone-step for plugin workflow-aggregator
2024-08-11 00:05:11.309+0000 [id=113]	INFO	hudson.model.UpdateSite$Plugin#deploy: Adding dependent install of pipeline-build-step for plugin workflow-aggregator
2024-08-11 00:05:11.309+0000 [id=113]	INFO	hudson.model.UpdateSite$Plugin#deploy: Adding dependent install of pipeline-groovy-lib for plugin workflow-aggregator
2024-08-11 00:05:11.309+0000 [id=113]	INFO	hudson.model.UpdateSite$Plugin#deploy: Adding dependent install of pipeline-model-definition for plugin workflow-aggregator
2024-08-11 00:05:11.310+0000 [id=113]	INFO	hudson.model.UpdateSite$Plugin#deploy: Adding dependent install of pipeline-model-extensions for plugin pipeline-model-definition
2024-08-11 00:05:11.310+0000 [id=113]	INFO	hudson.model.UpdateSite$Plugin#deploy: Adding dependent install of pipeline-stage-step for plugin pipeline-model-extensions
2024-08-11 00:05:11.310+0000 [id=113]	INFO	hudson.model.UpdateSite$Plugin#deploy: Adding dependent install of pipeline-model-api for plugin pipeline-model-extensions
2024-08-11 00:05:11.310+0000 [id=113]	INFO	hudson.model.UpdateSite$Plugin#deploy: Adding dependent install of joda-time-api for plugin pipeline-model-api
2024-08-11 00:05:11.310+0000 [id=113]	INFO	hudson.model.UpdateSite$Plugin#deploy: Adding dependent install of workflow-multibranch for plugin pipeline-model-definition
2024-08-11 00:05:11.310+0000 [id=113]	INFO	hudson.model.UpdateSite$Plugin#deploy: Adding dependent install of branch-api for plugin workflow-multibranch
2024-08-11 00:05:11.311+0000 [id=113]	INFO	hudson.model.UpdateSite$Plugin#deploy: Adding dependent install of pipeline-stage-tags-metadata for plugin pipeline-model-definition
2024-08-11 00:05:11.311+0000 [id=113]	INFO	hudson.model.UpdateSite$Plugin#deploy: Adding dependent install of pipeline-input-step for plugin pipeline-model-definition
2024-08-11 00:05:11.311+0000 [id=113]	INFO	hudson.model.UpdateSite$Plugin#deploy: Adding dependent install of jjwt-api for plugin github-branch-source
2024-08-11 00:05:11.311+0000 [id=113]	INFO	hudson.model.UpdateSite$Plugin#deploy: Adding dependent install of okhttp-api for plugin github-branch-source
2024-08-11 00:05:11.311+0000 [id=113]	INFO	hudson.model.UpdateSite$Plugin#deploy: Adding dependent install of github-api for plugin github-branch-source
2024-08-11 00:05:11.311+0000 [id=113]	INFO	hudson.model.UpdateSite$Plugin#deploy: Adding dependent install of github for plugin github-branch-source
2024-08-11 00:05:11.312+0000 [id=113]	INFO	hudson.model.UpdateSite$Plugin#deploy: Adding dependent install of git for plugin github
2024-08-11 00:05:11.312+0000 [id=113]	INFO	hudson.model.UpdateSite$Plugin#deploy: Adding dependent install of git-client for plugin git
2024-08-11 00:05:11.312+0000 [id=113]	INFO	hudson.model.UpdateSite$Plugin#deploy: Adding dependent install of mina-sshd-api-core for plugin git-client
2024-08-11 00:05:11.312+0000 [id=113]	INFO	hudson.model.UpdateSite$Plugin#deploy: Adding dependent install of mina-sshd-api-common for plugin mina-sshd-api-core
2024-08-11 00:05:11.313+0000 [id=113]	INFO	hudson.model.UpdateSite$Plugin#deploy: Adding dependent install of gson-api for plugin git-client
2024-08-11 00:05:11.313+0000 [id=113]	INFO	hudson.model.UpdateSite$Plugin#deploy: Adding dependent install of pipeline-graph-analysis for plugin pipeline-graph-view
2024-08-11 00:05:11.313+0000 [id=113]	INFO	hudson.model.UpdateSite$Plugin#deploy: Adding dependent install of metrics for plugin pipeline-graph-view
2024-08-11 00:05:11.315+0000 [id=113]	INFO	hudson.model.UpdateSite$Plugin#deploy: Adding dependent install of trilead-api for plugin ssh-slaves
2024-08-11 00:05:11.315+0000 [id=113]	INFO	hudson.model.UpdateSite$Plugin#deploy: Adding dependent install of eddsa-api for plugin trilead-api
2024-08-11 00:05:11.316+0000 [id=113]	INFO	hudson.model.UpdateSite$Plugin#deploy: Adding dependent install of theme-manager for plugin dark-theme
2024-08-11 00:05:21.408+0000 [id=122]	INFO	h.model.UpdateCenter$DownloadJob#run: Installation successful: ionicons-api
2024-08-11 00:05:21.408+0000 [id=122]	INFO	h.model.UpdateCenter$DownloadJob#run: Starting the installation of cloudbees-folder on behalf of admin
2024-08-11 00:05:21.408+0000 [id=122]	INFO	h.m.UpdateCenter$UpdateCenterConfiguration#download: Downloading cloudbees-folder
2024-08-11 00:05:22.843+0000 [id=122]	INFO	h.model.UpdateCenter$DownloadJob#run: Installation successful: cloudbees-folder
2024-08-11 00:05:22.843+0000 [id=122]	INFO	h.model.UpdateCenter$DownloadJob#run: Starting the installation of antisamy-markup-formatter on behalf of admin
2024-08-11 00:05:22.843+0000 [id=122]	INFO	h.m.UpdateCenter$UpdateCenterConfiguration#download: Downloading antisamy-markup-formatter
2024-08-11 00:05:24.215+0000 [id=122]	INFO	h.model.UpdateCenter$DownloadJob#run: Installation successful: antisamy-markup-formatter
2024-08-11 00:05:24.215+0000 [id=122]	INFO	h.model.UpdateCenter$DownloadJob#run: Starting the installation of asm-api on behalf of admin
2024-08-11 00:05:24.215+0000 [id=122]	INFO	h.m.UpdateCenter$UpdateCenterConfiguration#download: Downloading asm-api
2024-08-11 00:05:25.895+0000 [id=122]	INFO	h.model.UpdateCenter$DownloadJob#run: Installation successful: asm-api
2024-08-11 00:05:25.897+0000 [id=122]	INFO	h.model.UpdateCenter$DownloadJob#run: Starting the installation of json-path-api on behalf of admin
2024-08-11 00:05:25.897+0000 [id=122]	INFO	h.m.UpdateCenter$UpdateCenterConfiguration#download: Downloading json-path-api
2024-08-11 00:05:35.164+0000 [id=122]	INFO	h.model.UpdateCenter$DownloadJob#run: Installation successful: json-path-api
2024-08-11 00:05:35.164+0000 [id=122]	INFO	h.model.UpdateCenter$DownloadJob#run: Starting the installation of structs on behalf of admin
2024-08-11 00:05:35.164+0000 [id=122]	INFO	h.m.UpdateCenter$UpdateCenterConfiguration#download: Downloading structs
2024-08-11 00:05:36.116+0000 [id=122]	INFO	h.model.UpdateCenter$DownloadJob#run: Installation successful: structs
2024-08-11 00:05:36.116+0000 [id=122]	INFO	h.model.UpdateCenter$DownloadJob#run: Starting the installation of workflow-step-api on behalf of admin
2024-08-11 00:05:36.116+0000 [id=122]	INFO	h.m.UpdateCenter$UpdateCenterConfiguration#download: Downloading workflow-step-api
2024-08-11 00:05:44.801+0000 [id=122]	INFO	h.model.UpdateCenter$DownloadJob#run: Installation successful: workflow-step-api
2024-08-11 00:05:44.801+0000 [id=122]	INFO	h.model.UpdateCenter$DownloadJob#run: Starting the installation of token-macro on behalf of admin
2024-08-11 00:05:44.801+0000 [id=122]	INFO	h.m.UpdateCenter$UpdateCenterConfiguration#download: Downloading token-macro
2024-08-11 00:05:46.076+0000 [id=122]	INFO	h.model.UpdateCenter$DownloadJob#run: Installation successful: token-macro
2024-08-11 00:05:46.077+0000 [id=122]	INFO	h.model.UpdateCenter$DownloadJob#run: Starting the installation of build-timeout on behalf of admin
2024-08-11 00:05:46.077+0000 [id=122]	INFO	h.m.UpdateCenter$UpdateCenterConfiguration#download: Downloading build-timeout
2024-08-11 00:05:47.336+0000 [id=122]	INFO	h.model.UpdateCenter$DownloadJob#run: Installation successful: build-timeout
2024-08-11 00:05:47.336+0000 [id=122]	INFO	h.model.UpdateCenter$DownloadJob#run: Starting the installation of bouncycastle-api on behalf of admin
2024-08-11 00:05:47.336+0000 [id=122]	INFO	h.m.UpdateCenter$UpdateCenterConfiguration#download: Downloading bouncycastle-api
2024-08-11 00:06:05.593+0000 [id=122]	INFO	h.model.UpdateCenter$DownloadJob#run: Installation successful: bouncycastle-api
2024-08-11 00:06:05.593+0000 [id=122]	INFO	h.model.UpdateCenter$DownloadJob#run: Starting the installation of credentials on behalf of admin
2024-08-11 00:06:05.593+0000 [id=122]	INFO	h.m.UpdateCenter$UpdateCenterConfiguration#download: Downloading credentials
2024-08-11 00:06:07.875+0000 [id=122]	INFO	h.model.UpdateCenter$DownloadJob#run: Installation successful: credentials
2024-08-11 00:06:07.875+0000 [id=122]	INFO	h.model.UpdateCenter$DownloadJob#run: Starting the installation of plain-credentials on behalf of admin
2024-08-11 00:06:07.875+0000 [id=122]	INFO	h.m.UpdateCenter$UpdateCenterConfiguration#download: Downloading plain-credentials
2024-08-11 00:06:28.305+0000 [id=122]	SEVERE	h.model.UpdateCenter$DownloadJob#run: Failed to install plain-credentials
java.net.SocketTimeoutException: Connect timed out
	at java.base/sun.nio.ch.NioSocketImpl.timedFinishConnect(NioSocketImpl.java:546)
	at java.base/sun.nio.ch.NioSocketImpl.connect(NioSocketImpl.java:592)
	at java.base/java.net.SocksSocketImpl.connect(SocksSocketImpl.java:327)
	at java.base/java.net.Socket.connect(Socket.java:751)
	at java.base/sun.security.ssl.SSLSocketImpl.connect(SSLSocketImpl.java:304)
	at java.base/sun.net.NetworkClient.doConnect(NetworkClient.java:178)
	at java.base/sun.net.www.http.HttpClient.openServer(HttpClient.java:531)
	at java.base/sun.net.www.http.HttpClient.openServer(HttpClient.java:636)
	at java.base/sun.net.www.protocol.https.HttpsClient.<init>(HttpsClient.java:264)
	at java.base/sun.net.www.protocol.https.HttpsClient.New(HttpsClient.java:377)
	at java.base/sun.net.www.protocol.https.AbstractDelegateHttpsURLConnection.getNewHttpClient(AbstractDelegateHttpsURLConnection.java:193)
	at java.base/sun.net.www.protocol.http.HttpURLConnection.plainConnect0(HttpURLConnection.java:1237)
	at java.base/sun.net.www.protocol.http.HttpURLConnection.plainConnect(HttpURLConnection.java:1123)
	at java.base/sun.net.www.protocol.https.AbstractDelegateHttpsURLConnection.connect(AbstractDelegateHttpsURLConnection.java:179)
	at java.base/sun.net.www.protocol.http.HttpURLConnection.followRedirect0(HttpURLConnection.java:2909)
	at java.base/sun.net.www.protocol.http.HttpURLConnection.followRedirect(HttpURLConnection.java:2818)
	at java.base/sun.net.www.protocol.http.HttpURLConnection.getInputStream0(HttpURLConnection.java:1929)
	at java.base/sun.net.www.protocol.http.HttpURLConnection.getInputStream(HttpURLConnection.java:1599)
	at java.base/sun.net.www.protocol.https.HttpsURLConnectionImpl.getInputStream(HttpsURLConnectionImpl.java:223)
	at hudson.model.UpdateCenter$UpdateCenterConfiguration.download(UpdateCenter.java:1323)
Caused: java.io.IOException: Failed to load https://updates.jenkins.io/download/plugins/plain-credentials/183.va_de8f1dd5a_2b_/plain-credentials.hpi to C:\ProgramData\Jenkins\.jenkins\plugins\plain-credentials.jpi.tmp
	at hudson.model.UpdateCenter$UpdateCenterConfiguration.download(UpdateCenter.java:1334)
Caused: java.io.IOException: Failed to download from https://updates.jenkins.io/download/plugins/plain-credentials/183.va_de8f1dd5a_2b_/plain-credentials.hpi (redirected to: https://get.jenkins.io/plugins/plain-credentials/183.va_de8f1dd5a_2b_/plain-credentials.hpi)
	at hudson.model.UpdateCenter$UpdateCenterConfiguration.download(UpdateCenter.java:1368)
	at hudson.model.UpdateCenter$DownloadJob._run(UpdateCenter.java:1925)
	at hudson.model.UpdateCenter$InstallationJob._run(UpdateCenter.java:2237)
	at hudson.model.UpdateCenter$DownloadJob.run(UpdateCenter.java:1899)
	at java.base/java.util.concurrent.Executors$RunnableAdapter.call(Executors.java:572)
	at java.base/java.util.concurrent.FutureTask.run(FutureTask.java:317)
	at hudson.remoting.AtmostOneThreadExecutor$Worker.run(AtmostOneThreadExecutor.java:121)
	at java.base/java.lang.Thread.run(Thread.java:1583)
2024-08-11 00:06:28.306+0000 [id=122]	INFO	h.model.UpdateCenter$DownloadJob#run: Starting the installation of variant on behalf of admin
2024-08-11 00:06:28.306+0000 [id=122]	INFO	h.m.UpdateCenter$UpdateCenterConfiguration#download: Downloading variant
2024-08-11 00:06:44.680+0000 [id=122]	INFO	h.model.UpdateCenter$DownloadJob#run: Installation successful: variant
2024-08-11 00:06:44.680+0000 [id=122]	INFO	h.model.UpdateCenter$DownloadJob#run: Starting the installation of ssh-credentials on behalf of admin
2024-08-11 00:06:44.680+0000 [id=122]	INFO	h.m.UpdateCenter$UpdateCenterConfiguration#download: Downloading ssh-credentials
2024-08-11 00:06:45.926+0000 [id=122]	INFO	h.model.UpdateCenter$DownloadJob#run: Installation successful: ssh-credentials
2024-08-11 00:06:45.927+0000 [id=122]	INFO	h.model.UpdateCenter$DownloadJob#run: Starting the installation of credentials-binding on behalf of admin
2024-08-11 00:06:45.927+0000 [id=122]	INFO	h.m.UpdateCenter$UpdateCenterConfiguration#download: Downloading credentials-binding
2024-08-11 00:06:47.309+0000 [id=122]	SEVERE	h.model.UpdateCenter$DownloadJob#run: Failed to install credentials-binding
java.io.IOException: Falhou para carregar: Credentials Binding Plugin (credentials-binding 681.vf91669a_32e45)
 - Não foi possível encontrar plain-credentials v179.vc5cb_98f6db_38. Para corrigir, instale v179.vc5cb_98f6db_38 ou superior.
	at hudson.PluginWrapper.resolvePluginDependencies(PluginWrapper.java:992)
	at hudson.PluginManager.dynamicLoad(PluginManager.java:952)
Caused: java.io.IOException: Failed to install credentials-binding plugin
	at hudson.PluginManager.dynamicLoad(PluginManager.java:966)
	at hudson.model.UpdateCenter$InstallationJob._run(UpdateCenter.java:2249)
Caused: java.io.IOException: Failed to dynamically deploy this plugin
	at hudson.model.UpdateCenter$InstallationJob._run(UpdateCenter.java:2253)
	at hudson.model.UpdateCenter$DownloadJob.run(UpdateCenter.java:1899)
	at java.base/java.util.concurrent.Executors$RunnableAdapter.call(Executors.java:572)
	at java.base/java.util.concurrent.FutureTask.run(FutureTask.java:317)
	at hudson.remoting.AtmostOneThreadExecutor$Worker.run(AtmostOneThreadExecutor.java:121)
	at java.base/java.lang.Thread.run(Thread.java:1583)
2024-08-11 00:06:47.309+0000 [id=122]	INFO	h.model.UpdateCenter$DownloadJob#run: Starting the installation of scm-api on behalf of admin
2024-08-11 00:06:47.309+0000 [id=122]	INFO	h.m.UpdateCenter$UpdateCenterConfiguration#download: Downloading scm-api
2024-08-11 00:06:48.875+0000 [id=122]	INFO	h.model.UpdateCenter$DownloadJob#run: Installation successful: scm-api
2024-08-11 00:06:48.876+0000 [id=122]	INFO	h.model.UpdateCenter$DownloadJob#run: Starting the installation of workflow-api on behalf of admin
2024-08-11 00:06:48.876+0000 [id=122]	INFO	h.m.UpdateCenter$UpdateCenterConfiguration#download: Downloading workflow-api
2024-08-11 00:06:50.146+0000 [id=122]	INFO	h.model.UpdateCenter$DownloadJob#run: Installation successful: workflow-api
2024-08-11 00:06:50.146+0000 [id=122]	INFO	h.model.UpdateCenter$DownloadJob#run: Starting the installation of commons-lang3-api on behalf of admin
2024-08-11 00:06:50.146+0000 [id=122]	INFO	h.m.UpdateCenter$UpdateCenterConfiguration#download: Downloading commons-lang3-api
2024-08-11 00:06:52.238+0000 [id=122]	INFO	h.model.UpdateCenter$DownloadJob#run: Installation successful: commons-lang3-api
2024-08-11 00:06:52.238+0000 [id=122]	INFO	h.model.UpdateCenter$DownloadJob#run: Starting the installation of timestamper on behalf of admin
2024-08-11 00:06:52.238+0000 [id=122]	INFO	h.m.UpdateCenter$UpdateCenterConfiguration#download: Downloading timestamper
2024-08-11 00:07:00.921+0000 [id=122]	INFO	h.model.UpdateCenter$DownloadJob#run: Installation successful: timestamper
2024-08-11 00:07:00.921+0000 [id=122]	INFO	h.model.UpdateCenter$DownloadJob#run: Starting the installation of caffeine-api on behalf of admin
2024-08-11 00:07:00.921+0000 [id=122]	INFO	h.m.UpdateCenter$UpdateCenterConfiguration#download: Downloading caffeine-api
2024-08-11 00:07:10.759+0000 [id=122]	INFO	h.model.UpdateCenter$DownloadJob#run: Installation successful: caffeine-api
2024-08-11 00:07:10.759+0000 [id=122]	INFO	h.model.UpdateCenter$DownloadJob#run: Starting the installation of script-security on behalf of admin
2024-08-11 00:07:10.759+0000 [id=122]	INFO	h.m.UpdateCenter$UpdateCenterConfiguration#download: Downloading script-security
2024-08-11 00:07:12.149+0000 [id=122]	INFO	h.model.UpdateCenter$DownloadJob#run: Installation successful: script-security
2024-08-11 00:07:12.149+0000 [id=122]	INFO	h.model.UpdateCenter$DownloadJob#run: Starting the installation of javax-activation-api on behalf of admin
2024-08-11 00:07:12.149+0000 [id=122]	INFO	h.m.UpdateCenter$UpdateCenterConfiguration#download: Downloading javax-activation-api
2024-08-11 00:07:20.706+0000 [id=122]	INFO	h.model.UpdateCenter$DownloadJob#run: Installation successful: javax-activation-api
2024-08-11 00:07:20.707+0000 [id=122]	INFO	h.model.UpdateCenter$DownloadJob#run: Starting the installation of jaxb on behalf of admin
2024-08-11 00:07:20.707+0000 [id=122]	INFO	h.m.UpdateCenter$UpdateCenterConfiguration#download: Downloading jaxb
2024-08-11 00:07:23.899+0000 [id=122]	INFO	h.model.UpdateCenter$DownloadJob#run: Installation successful: jaxb
2024-08-11 00:07:23.899+0000 [id=122]	INFO	h.model.UpdateCenter$DownloadJob#run: Starting the installation of snakeyaml-api on behalf of admin
2024-08-11 00:07:23.899+0000 [id=122]	INFO	h.m.UpdateCenter$UpdateCenterConfiguration#download: Downloading snakeyaml-api
2024-08-11 00:07:25.427+0000 [id=122]	INFO	h.model.UpdateCenter$DownloadJob#run: Installation successful: snakeyaml-api
2024-08-11 00:07:25.427+0000 [id=122]	INFO	h.model.UpdateCenter$DownloadJob#run: Starting the installation of json-api on behalf of admin
2024-08-11 00:07:25.427+0000 [id=122]	INFO	h.m.UpdateCenter$UpdateCenterConfiguration#download: Downloading json-api
2024-08-11 00:07:26.546+0000 [id=122]	INFO	h.model.UpdateCenter$DownloadJob#run: Installation successful: json-api
2024-08-11 00:07:26.546+0000 [id=122]	INFO	h.model.UpdateCenter$DownloadJob#run: Starting the installation of jackson2-api on behalf of admin
2024-08-11 00:07:26.546+0000 [id=122]	INFO	h.m.UpdateCenter$UpdateCenterConfiguration#download: Downloading jackson2-api
2024-08-11 00:07:42.671+0000 [id=122]	INFO	h.model.UpdateCenter$DownloadJob#run: Installation successful: jackson2-api
2024-08-11 00:07:42.671+0000 [id=122]	INFO	h.model.UpdateCenter$DownloadJob#run: Starting the installation of commons-text-api on behalf of admin
2024-08-11 00:07:42.671+0000 [id=122]	INFO	h.m.UpdateCenter$UpdateCenterConfiguration#download: Downloading commons-text-api
2024-08-11 00:07:51.671+0000 [id=122]	INFO	h.model.UpdateCenter$DownloadJob#run: Installation successful: commons-text-api
2024-08-11 00:07:51.671+0000 [id=122]	INFO	h.model.UpdateCenter$DownloadJob#run: Starting the installation of workflow-support on behalf of admin
2024-08-11 00:07:51.671+0000 [id=122]	INFO	h.m.UpdateCenter$UpdateCenterConfiguration#download: Downloading workflow-support
2024-08-11 00:07:53.482+0000 [id=122]	INFO	h.model.UpdateCenter$DownloadJob#run: Installation successful: workflow-support
2024-08-11 00:07:53.482+0000 [id=122]	INFO	h.model.UpdateCenter$DownloadJob#run: Starting the installation of plugin-util-api on behalf of admin
2024-08-11 00:07:53.482+0000 [id=122]	INFO	h.m.UpdateCenter$UpdateCenterConfiguration#download: Downloading plugin-util-api
2024-08-11 00:07:55.286+0000 [id=122]	INFO	h.model.UpdateCenter$DownloadJob#run: Installation successful: plugin-util-api
2024-08-11 00:07:55.286+0000 [id=122]	INFO	h.model.UpdateCenter$DownloadJob#run: Starting the installation of font-awesome-api on behalf of admin
2024-08-11 00:07:55.286+0000 [id=122]	INFO	h.m.UpdateCenter$UpdateCenterConfiguration#download: Downloading font-awesome-api
2024-08-11 00:08:06.079+0000 [id=122]	INFO	h.model.UpdateCenter$DownloadJob#run: Installation successful: font-awesome-api
2024-08-11 00:08:06.079+0000 [id=122]	INFO	h.model.UpdateCenter$DownloadJob#run: Starting the installation of bootstrap5-api on behalf of admin
2024-08-11 00:08:06.079+0000 [id=122]	INFO	h.m.UpdateCenter$UpdateCenterConfiguration#download: Downloading bootstrap5-api
2024-08-11 00:08:08.480+0000 [id=122]	INFO	h.model.UpdateCenter$DownloadJob#run: Installation successful: bootstrap5-api
2024-08-11 00:08:08.480+0000 [id=122]	INFO	h.model.UpdateCenter$DownloadJob#run: Starting the installation of jquery3-api on behalf of admin
2024-08-11 00:08:08.480+0000 [id=122]	INFO	h.m.UpdateCenter$UpdateCenterConfiguration#download: Downloading jquery3-api
2024-08-11 00:08:10.217+0000 [id=122]	INFO	h.model.UpdateCenter$DownloadJob#run: Installation successful: jquery3-api
2024-08-11 00:08:10.217+0000 [id=122]	INFO	h.model.UpdateCenter$DownloadJob#run: Starting the installation of echarts-api on behalf of admin
2024-08-11 00:08:10.217+0000 [id=122]	INFO	h.m.UpdateCenter$UpdateCenterConfiguration#download: Downloading echarts-api
2024-08-11 00:08:29.838+0000 [id=122]	INFO	h.model.UpdateCenter$DownloadJob#run: Installation successful: echarts-api
2024-08-11 00:08:29.838+0000 [id=122]	INFO	h.model.UpdateCenter$DownloadJob#run: Starting the installation of display-url-api on behalf of admin
2024-08-11 00:08:29.839+0000 [id=122]	INFO	h.m.UpdateCenter$UpdateCenterConfiguration#download: Downloading display-url-api
2024-08-11 00:08:30.968+0000 [id=122]	INFO	h.model.UpdateCenter$DownloadJob#run: Installation successful: display-url-api
2024-08-11 00:08:30.969+0000 [id=122]	INFO	h.model.UpdateCenter$DownloadJob#run: Starting the installation of checks-api on behalf of admin
2024-08-11 00:08:30.969+0000 [id=122]	INFO	h.m.UpdateCenter$UpdateCenterConfiguration#download: Downloading checks-api
2024-08-11 00:08:32.209+0000 [id=122]	INFO	h.model.UpdateCenter$DownloadJob#run: Installation successful: checks-api
2024-08-11 00:08:32.209+0000 [id=122]	INFO	h.model.UpdateCenter$DownloadJob#run: Starting the installation of junit on behalf of admin
2024-08-11 00:08:32.209+0000 [id=122]	INFO	h.m.UpdateCenter$UpdateCenterConfiguration#download: Downloading junit
2024-08-11 00:08:41.534+0000 [id=122]	INFO	h.model.UpdateCenter$DownloadJob#run: Installation successful: junit
2024-08-11 00:08:41.534+0000 [id=122]	INFO	h.model.UpdateCenter$DownloadJob#run: Starting the installation of matrix-project on behalf of admin
2024-08-11 00:08:41.534+0000 [id=122]	INFO	h.m.UpdateCenter$UpdateCenterConfiguration#download: Downloading matrix-project
2024-08-11 00:08:42.947+0000 [id=122]	INFO	h.model.UpdateCenter$DownloadJob#run: Installation successful: matrix-project
2024-08-11 00:08:42.947+0000 [id=122]	INFO	h.model.UpdateCenter$DownloadJob#run: Starting the installation of resource-disposer on behalf of admin
2024-08-11 00:08:42.947+0000 [id=122]	INFO	h.m.UpdateCenter$UpdateCenterConfiguration#download: Downloading resource-disposer
2024-08-11 00:08:43.919+0000 [id=122]	INFO	h.model.UpdateCenter$DownloadJob#run: Installation successful: resource-disposer
2024-08-11 00:08:43.920+0000 [id=122]	INFO	h.model.UpdateCenter$DownloadJob#run: Starting the installation of ws-cleanup on behalf of admin
2024-08-11 00:08:43.920+0000 [id=122]	INFO	h.m.UpdateCenter$UpdateCenterConfiguration#download: Downloading ws-cleanup
2024-08-11 00:08:45.185+0000 [id=122]	INFO	h.model.UpdateCenter$DownloadJob#run: Installation successful: ws-cleanup
2024-08-11 00:08:45.185+0000 [id=122]	INFO	h.model.UpdateCenter$DownloadJob#run: Starting the installation of ant on behalf of admin
2024-08-11 00:08:45.185+0000 [id=122]	INFO	h.m.UpdateCenter$UpdateCenterConfiguration#download: Downloading ant
2024-08-11 00:08:46.562+0000 [id=122]	INFO	h.model.UpdateCenter$DownloadJob#run: Installation successful: ant
2024-08-11 00:08:46.562+0000 [id=122]	INFO	h.model.UpdateCenter$DownloadJob#run: Starting the installation of javax-mail-api on behalf of admin
2024-08-11 00:08:46.562+0000 [id=122]	INFO	h.m.UpdateCenter$UpdateCenterConfiguration#download: Downloading javax-mail-api
2024-08-11 00:08:48.921+0000 [id=122]	INFO	h.model.UpdateCenter$DownloadJob#run: Installation successful: javax-mail-api
2024-08-11 00:08:48.922+0000 [id=122]	INFO	h.model.UpdateCenter$DownloadJob#run: Starting the installation of durable-task on behalf of admin
2024-08-11 00:08:48.922+0000 [id=122]	INFO	h.m.UpdateCenter$UpdateCenterConfiguration#download: Downloading durable-task
2024-08-11 00:08:59.590+0000 [id=122]	INFO	h.model.UpdateCenter$DownloadJob#run: Installation successful: durable-task
2024-08-11 00:08:59.590+0000 [id=122]	INFO	h.model.UpdateCenter$DownloadJob#run: Starting the installation of workflow-durable-task-step on behalf of admin
2024-08-11 00:08:59.590+0000 [id=122]	INFO	h.m.UpdateCenter$UpdateCenterConfiguration#download: Downloading workflow-durable-task-step
2024-08-11 00:09:00.551+0000 [id=122]	INFO	h.model.UpdateCenter$DownloadJob#run: Installation successful: workflow-durable-task-step
2024-08-11 00:09:00.551+0000 [id=122]	INFO	h.model.UpdateCenter$DownloadJob#run: Starting the installation of instance-identity on behalf of admin
2024-08-11 00:09:00.551+0000 [id=122]	INFO	h.m.UpdateCenter$UpdateCenterConfiguration#download: Downloading instance-identity
2024-08-11 00:09:08.988+0000 [id=122]	INFO	h.model.UpdateCenter$DownloadJob#run: Installation successful: instance-identity
2024-08-11 00:09:08.988+0000 [id=122]	INFO	h.model.UpdateCenter$DownloadJob#run: Starting the installation of workflow-scm-step on behalf of admin
2024-08-11 00:09:08.988+0000 [id=122]	INFO	h.m.UpdateCenter$UpdateCenterConfiguration#download: Downloading workflow-scm-step
2024-08-11 00:09:17.401+0000 [id=122]	INFO	h.model.UpdateCenter$DownloadJob#run: Installation successful: workflow-scm-step
2024-08-11 00:09:17.401+0000 [id=122]	INFO	h.model.UpdateCenter$DownloadJob#run: Starting the installation of workflow-cps on behalf of admin
2024-08-11 00:09:17.402+0000 [id=122]	INFO	h.m.UpdateCenter$UpdateCenterConfiguration#download: Downloading workflow-cps
2024-08-11 00:09:20.191+0000 [id=122]	INFO	h.model.UpdateCenter$DownloadJob#run: Installation successful: workflow-cps
2024-08-11 00:09:20.191+0000 [id=122]	INFO	h.model.UpdateCenter$DownloadJob#run: Starting the installation of workflow-job on behalf of admin
2024-08-11 00:09:20.191+0000 [id=122]	INFO	h.m.UpdateCenter$UpdateCenterConfiguration#download: Downloading workflow-job
2024-08-11 00:09:21.319+0000 [id=122]	INFO	h.model.UpdateCenter$DownloadJob#run: Installation successful: workflow-job
2024-08-11 00:09:21.319+0000 [id=122]	INFO	h.model.UpdateCenter$DownloadJob#run: Starting the installation of jakarta-activation-api on behalf of admin
2024-08-11 00:09:21.319+0000 [id=122]	INFO	h.m.UpdateCenter$UpdateCenterConfiguration#download: Downloading jakarta-activation-api
2024-08-11 00:09:22.417+0000 [id=122]	INFO	h.model.UpdateCenter$DownloadJob#run: Installation successful: jakarta-activation-api
2024-08-11 00:09:22.417+0000 [id=122]	INFO	h.model.UpdateCenter$DownloadJob#run: Starting the installation of jakarta-mail-api on behalf of admin
2024-08-11 00:09:22.417+0000 [id=122]	INFO	h.m.UpdateCenter$UpdateCenterConfiguration#download: Downloading jakarta-mail-api
2024-08-11 00:09:24.823+0000 [id=122]	INFO	h.model.UpdateCenter$DownloadJob#run: Installation successful: jakarta-mail-api
2024-08-11 00:09:24.824+0000 [id=122]	INFO	h.model.UpdateCenter$DownloadJob#run: Starting the installation of apache-httpcomponents-client-4-api on behalf of admin
2024-08-11 00:09:24.824+0000 [id=122]	INFO	h.m.UpdateCenter$UpdateCenterConfiguration#download: Downloading apache-httpcomponents-client-4-api
2024-08-11 00:09:29.130+0000 [id=122]	INFO	h.model.UpdateCenter$DownloadJob#run: Installation successful: apache-httpcomponents-client-4-api
2024-08-11 00:09:29.130+0000 [id=122]	INFO	h.model.UpdateCenter$DownloadJob#run: Starting the installation of mailer on behalf of admin
2024-08-11 00:09:29.130+0000 [id=122]	INFO	h.m.UpdateCenter$UpdateCenterConfiguration#download: Downloading mailer
2024-08-11 00:09:30.232+0000 [id=122]	INFO	h.model.UpdateCenter$DownloadJob#run: Installation successful: mailer
2024-08-11 00:09:30.232+0000 [id=122]	INFO	h.model.UpdateCenter$DownloadJob#run: Starting the installation of workflow-basic-steps on behalf of admin
2024-08-11 00:09:30.232+0000 [id=122]	INFO	h.m.UpdateCenter$UpdateCenterConfiguration#download: Downloading workflow-basic-steps
2024-08-11 00:09:31.472+0000 [id=122]	INFO	h.model.UpdateCenter$DownloadJob#run: Installation successful: workflow-basic-steps
2024-08-11 00:09:31.472+0000 [id=122]	INFO	h.model.UpdateCenter$DownloadJob#run: Starting the installation of gradle on behalf of admin
2024-08-11 00:09:31.472+0000 [id=122]	INFO	h.m.UpdateCenter$UpdateCenterConfiguration#download: Downloading gradle
2024-08-11 00:10:23.244+0000 [id=122]	INFO	h.model.UpdateCenter$DownloadJob#run: Installation successful: gradle
2024-08-11 00:10:23.244+0000 [id=122]	INFO	h.model.UpdateCenter$DownloadJob#run: Starting the installation of pipeline-milestone-step on behalf of admin
2024-08-11 00:10:23.244+0000 [id=122]	INFO	h.m.UpdateCenter$UpdateCenterConfiguration#download: Downloading pipeline-milestone-step
2024-08-11 00:10:24.239+0000 [id=122]	INFO	h.model.UpdateCenter$DownloadJob#run: Installation successful: pipeline-milestone-step
2024-08-11 00:10:24.239+0000 [id=122]	INFO	h.model.UpdateCenter$DownloadJob#run: Starting the installation of pipeline-build-step on behalf of admin
2024-08-11 00:10:24.240+0000 [id=122]	INFO	h.m.UpdateCenter$UpdateCenterConfiguration#download: Downloading pipeline-build-step
2024-08-11 00:10:25.488+0000 [id=122]	INFO	h.model.UpdateCenter$DownloadJob#run: Installation successful: pipeline-build-step
2024-08-11 00:10:25.488+0000 [id=122]	INFO	h.model.UpdateCenter$DownloadJob#run: Starting the installation of pipeline-groovy-lib on behalf of admin
2024-08-11 00:10:25.488+0000 [id=122]	INFO	h.m.UpdateCenter$UpdateCenterConfiguration#download: Downloading pipeline-groovy-lib
2024-08-11 00:10:27.710+0000 [id=122]	INFO	h.model.UpdateCenter$DownloadJob#run: Installation successful: pipeline-groovy-lib
2024-08-11 00:10:27.711+0000 [id=122]	INFO	h.model.UpdateCenter$DownloadJob#run: Starting the installation of pipeline-stage-step on behalf of admin
2024-08-11 00:10:27.711+0000 [id=122]	INFO	h.m.UpdateCenter$UpdateCenterConfiguration#download: Downloading pipeline-stage-step
2024-08-11 00:10:28.682+0000 [id=122]	INFO	h.model.UpdateCenter$DownloadJob#run: Installation successful: pipeline-stage-step
2024-08-11 00:10:28.682+0000 [id=122]	INFO	h.model.UpdateCenter$DownloadJob#run: Starting the installation of joda-time-api on behalf of admin
2024-08-11 00:10:28.683+0000 [id=122]	INFO	h.m.UpdateCenter$UpdateCenterConfiguration#download: Downloading joda-time-api
2024-08-11 00:10:30.356+0000 [id=122]	INFO	h.model.UpdateCenter$DownloadJob#run: Installation successful: joda-time-api
2024-08-11 00:10:30.356+0000 [id=122]	INFO	h.model.UpdateCenter$DownloadJob#run: Starting the installation of pipeline-model-api on behalf of admin
2024-08-11 00:10:30.356+0000 [id=122]	INFO	h.m.UpdateCenter$UpdateCenterConfiguration#download: Downloading pipeline-model-api
2024-08-11 00:10:33.023+0000 [id=122]	INFO	h.model.UpdateCenter$DownloadJob#run: Installation successful: pipeline-model-api
2024-08-11 00:10:33.023+0000 [id=122]	INFO	h.model.UpdateCenter$DownloadJob#run: Starting the installation of pipeline-model-extensions on behalf of admin
2024-08-11 00:10:33.024+0000 [id=122]	INFO	h.m.UpdateCenter$UpdateCenterConfiguration#download: Downloading pipeline-model-extensions
2024-08-11 00:10:34.003+0000 [id=122]	SEVERE	h.model.UpdateCenter$DownloadJob#run: Failed to install pipeline-model-extensions
java.io.IOException: Falhou para carregar: Pipeline: Declarative Extension Points API (pipeline-model-extensions 2.2205.vc9522a_9d5711)
 - Falha para carregar: Credentials Binding Plugin (credentials-binding 681.vf91669a_32e45)
	at hudson.PluginWrapper.resolvePluginDependencies(PluginWrapper.java:992)
	at hudson.PluginManager.dynamicLoad(PluginManager.java:952)
Caused: java.io.IOException: Failed to install pipeline-model-extensions plugin
	at hudson.PluginManager.dynamicLoad(PluginManager.java:966)
	at hudson.model.UpdateCenter$InstallationJob._run(UpdateCenter.java:2249)
Caused: java.io.IOException: Failed to dynamically deploy this plugin
	at hudson.model.UpdateCenter$InstallationJob._run(UpdateCenter.java:2253)
	at hudson.model.UpdateCenter$DownloadJob.run(UpdateCenter.java:1899)
	at java.base/java.util.concurrent.Executors$RunnableAdapter.call(Executors.java:572)
	at java.base/java.util.concurrent.FutureTask.run(FutureTask.java:317)
	at hudson.remoting.AtmostOneThreadExecutor$Worker.run(AtmostOneThreadExecutor.java:121)
	at java.base/java.lang.Thread.run(Thread.java:1583)
2024-08-11 00:10:34.003+0000 [id=122]	INFO	h.model.UpdateCenter$DownloadJob#run: Starting the installation of branch-api on behalf of admin
2024-08-11 00:10:34.005+0000 [id=122]	INFO	h.m.UpdateCenter$UpdateCenterConfiguration#download: Downloading branch-api
2024-08-11 00:10:35.400+0000 [id=122]	INFO	h.model.UpdateCenter$DownloadJob#run: Installation successful: branch-api
2024-08-11 00:10:35.401+0000 [id=122]	INFO	h.model.UpdateCenter$DownloadJob#run: Starting the installation of workflow-multibranch on behalf of admin
2024-08-11 00:10:35.401+0000 [id=122]	INFO	h.m.UpdateCenter$UpdateCenterConfiguration#download: Downloading workflow-multibranch
2024-08-11 00:10:36.502+0000 [id=122]	INFO	h.model.UpdateCenter$DownloadJob#run: Installation successful: workflow-multibranch
2024-08-11 00:10:36.502+0000 [id=122]	INFO	h.model.UpdateCenter$DownloadJob#run: Starting the installation of pipeline-stage-tags-metadata on behalf of admin
2024-08-11 00:10:36.502+0000 [id=122]	INFO	h.m.UpdateCenter$UpdateCenterConfiguration#download: Downloading pipeline-stage-tags-metadata
2024-08-11 00:10:37.463+0000 [id=122]	INFO	h.model.UpdateCenter$DownloadJob#run: Installation successful: pipeline-stage-tags-metadata
2024-08-11 00:10:37.463+0000 [id=122]	INFO	h.model.UpdateCenter$DownloadJob#run: Starting the installation of pipeline-input-step on behalf of admin
2024-08-11 00:10:37.463+0000 [id=122]	INFO	h.m.UpdateCenter$UpdateCenterConfiguration#download: Downloading pipeline-input-step
2024-08-11 00:10:38.568+0000 [id=122]	INFO	h.model.UpdateCenter$DownloadJob#run: Installation successful: pipeline-input-step
2024-08-11 00:10:38.568+0000 [id=122]	INFO	h.model.UpdateCenter$DownloadJob#run: Starting the installation of pipeline-model-definition on behalf of admin
2024-08-11 00:10:38.568+0000 [id=122]	INFO	h.m.UpdateCenter$UpdateCenterConfiguration#download: Downloading pipeline-model-definition
2024-08-11 00:10:40.517+0000 [id=122]	SEVERE	h.model.UpdateCenter$DownloadJob#run: Failed to install pipeline-model-definition
java.io.IOException: Falhou para carregar: Pipeline: Declarative (pipeline-model-definition 2.2205.vc9522a_9d5711)
 - Falha para carregar: Credentials Binding Plugin (credentials-binding 681.vf91669a_32e45)
	at hudson.PluginWrapper.resolvePluginDependencies(PluginWrapper.java:992)
	at hudson.PluginManager.dynamicLoad(PluginManager.java:952)
Caused: java.io.IOException: Failed to install pipeline-model-definition plugin
	at hudson.PluginManager.dynamicLoad(PluginManager.java:966)
	at hudson.model.UpdateCenter$InstallationJob._run(UpdateCenter.java:2249)
Caused: java.io.IOException: Failed to dynamically deploy this plugin
	at hudson.model.UpdateCenter$InstallationJob._run(UpdateCenter.java:2253)
	at hudson.model.UpdateCenter$DownloadJob.run(UpdateCenter.java:1899)
	at java.base/java.util.concurrent.Executors$RunnableAdapter.call(Executors.java:572)
	at java.base/java.util.concurrent.FutureTask.run(FutureTask.java:317)
	at hudson.remoting.AtmostOneThreadExecutor$Worker.run(AtmostOneThreadExecutor.java:121)
	at java.base/java.lang.Thread.run(Thread.java:1583)
2024-08-11 00:10:40.517+0000 [id=122]	INFO	h.model.UpdateCenter$DownloadJob#run: Starting the installation of workflow-aggregator on behalf of admin
2024-08-11 00:10:40.517+0000 [id=122]	INFO	h.m.UpdateCenter$UpdateCenterConfiguration#download: Downloading workflow-aggregator
2024-08-11 00:10:41.483+0000 [id=122]	SEVERE	h.model.UpdateCenter$DownloadJob#run: Failed to install workflow-aggregator
java.io.IOException: Falhou para carregar: Pipeline (workflow-aggregator 600.vb_57cdd26fdd7)
 - Falha para carregar: Pipeline: Declarative (pipeline-model-definition 2.2205.vc9522a_9d5711)
	at hudson.PluginWrapper.resolvePluginDependencies(PluginWrapper.java:992)
	at hudson.PluginManager.dynamicLoad(PluginManager.java:952)
Caused: java.io.IOException: Failed to install workflow-aggregator plugin
	at hudson.PluginManager.dynamicLoad(PluginManager.java:966)
	at hudson.model.UpdateCenter$InstallationJob._run(UpdateCenter.java:2249)
Caused: java.io.IOException: Failed to dynamically deploy this plugin
	at hudson.model.UpdateCenter$InstallationJob._run(UpdateCenter.java:2253)
	at hudson.model.UpdateCenter$DownloadJob.run(UpdateCenter.java:1899)
	at java.base/java.util.concurrent.Executors$RunnableAdapter.call(Executors.java:572)
	at java.base/java.util.concurrent.FutureTask.run(FutureTask.java:317)
	at hudson.remoting.AtmostOneThreadExecutor$Worker.run(AtmostOneThreadExecutor.java:121)
	at java.base/java.lang.Thread.run(Thread.java:1583)
2024-08-11 00:10:41.483+0000 [id=122]	INFO	h.model.UpdateCenter$DownloadJob#run: Starting the installation of jjwt-api on behalf of admin
2024-08-11 00:10:41.483+0000 [id=122]	INFO	h.m.UpdateCenter$UpdateCenterConfiguration#download: Downloading jjwt-api
2024-08-11 00:10:42.867+0000 [id=122]	INFO	h.model.UpdateCenter$DownloadJob#run: Installation successful: jjwt-api
2024-08-11 00:10:42.867+0000 [id=122]	INFO	h.model.UpdateCenter$DownloadJob#run: Starting the installation of okhttp-api on behalf of admin
2024-08-11 00:10:42.867+0000 [id=122]	INFO	h.m.UpdateCenter$UpdateCenterConfiguration#download: Downloading okhttp-api
2024-08-11 00:10:45.953+0000 [id=122]	INFO	h.model.UpdateCenter$DownloadJob#run: Installation successful: okhttp-api
2024-08-11 00:10:45.953+0000 [id=122]	INFO	h.model.UpdateCenter$DownloadJob#run: Starting the installation of github-api on behalf of admin
2024-08-11 00:10:45.953+0000 [id=122]	INFO	h.m.UpdateCenter$UpdateCenterConfiguration#download: Downloading github-api
2024-08-11 00:10:47.352+0000 [id=122]	INFO	h.model.UpdateCenter$DownloadJob#run: Installation successful: github-api
2024-08-11 00:10:47.352+0000 [id=122]	INFO	h.model.UpdateCenter$DownloadJob#run: Starting the installation of mina-sshd-api-common on behalf of admin
2024-08-11 00:10:47.352+0000 [id=122]	INFO	h.m.UpdateCenter$UpdateCenterConfiguration#download: Downloading mina-sshd-api-common
2024-08-11 00:10:48.867+0000 [id=122]	INFO	h.model.UpdateCenter$DownloadJob#run: Installation successful: mina-sshd-api-common
2024-08-11 00:10:48.867+0000 [id=122]	INFO	h.model.UpdateCenter$DownloadJob#run: Starting the installation of mina-sshd-api-core on behalf of admin
2024-08-11 00:10:48.867+0000 [id=122]	INFO	h.m.UpdateCenter$UpdateCenterConfiguration#download: Downloading mina-sshd-api-core
2024-08-11 00:10:50.405+0000 [id=122]	INFO	h.model.UpdateCenter$DownloadJob#run: Installation successful: mina-sshd-api-core
2024-08-11 00:10:50.405+0000 [id=122]	INFO	h.model.UpdateCenter$DownloadJob#run: Starting the installation of gson-api on behalf of admin
2024-08-11 00:10:50.405+0000 [id=122]	INFO	h.m.UpdateCenter$UpdateCenterConfiguration#download: Downloading gson-api
2024-08-11 00:10:51.642+0000 [id=122]	INFO	h.model.UpdateCenter$DownloadJob#run: Installation successful: gson-api
2024-08-11 00:10:51.642+0000 [id=122]	INFO	h.model.UpdateCenter$DownloadJob#run: Starting the installation of git-client on behalf of admin
2024-08-11 00:10:51.642+0000 [id=122]	INFO	h.m.UpdateCenter$UpdateCenterConfiguration#download: Downloading git-client
2024-08-11 00:10:55.170+0000 [id=122]	INFO	h.model.UpdateCenter$DownloadJob#run: Installation successful: git-client
2024-08-11 00:10:55.170+0000 [id=122]	INFO	h.model.UpdateCenter$DownloadJob#run: Starting the installation of git on behalf of admin
2024-08-11 00:10:55.170+0000 [id=122]	INFO	h.m.UpdateCenter$UpdateCenterConfiguration#download: Downloading git
2024-08-11 00:10:56.556+0000 [id=122]	SEVERE	h.model.UpdateCenter$DownloadJob#run: Failed to install git
java.io.IOException: Falhou para carregar: Git plugin (git 5.3.0)
 - Falha para carregar: Credentials Binding Plugin (credentials-binding 681.vf91669a_32e45)
	at hudson.PluginWrapper.resolvePluginDependencies(PluginWrapper.java:992)
	at hudson.PluginManager.dynamicLoad(PluginManager.java:952)
Caused: java.io.IOException: Failed to install git plugin
	at hudson.PluginManager.dynamicLoad(PluginManager.java:966)
	at hudson.model.UpdateCenter$InstallationJob._run(UpdateCenter.java:2249)
Caused: java.io.IOException: Failed to dynamically deploy this plugin
	at hudson.model.UpdateCenter$InstallationJob._run(UpdateCenter.java:2253)
	at hudson.model.UpdateCenter$DownloadJob.run(UpdateCenter.java:1899)
	at java.base/java.util.concurrent.Executors$RunnableAdapter.call(Executors.java:572)
	at java.base/java.util.concurrent.FutureTask.run(FutureTask.java:317)
	at hudson.remoting.AtmostOneThreadExecutor$Worker.run(AtmostOneThreadExecutor.java:121)
	at java.base/java.lang.Thread.run(Thread.java:1583)
2024-08-11 00:10:56.556+0000 [id=122]	INFO	h.model.UpdateCenter$DownloadJob#run: Starting the installation of github on behalf of admin
2024-08-11 00:10:56.557+0000 [id=122]	INFO	h.m.UpdateCenter$UpdateCenterConfiguration#download: Downloading github
2024-08-11 00:10:57.805+0000 [id=122]	SEVERE	h.model.UpdateCenter$DownloadJob#run: Failed to install github
java.io.IOException: Falhou para carregar: GitHub plugin (github 1.40.0)
 - Falha para carregar: Git plugin (git 5.3.0)
	at hudson.PluginWrapper.resolvePluginDependencies(PluginWrapper.java:992)
	at hudson.PluginManager.dynamicLoad(PluginManager.java:952)
Caused: java.io.IOException: Failed to install github plugin
	at hudson.PluginManager.dynamicLoad(PluginManager.java:966)
	at hudson.model.UpdateCenter$InstallationJob._run(UpdateCenter.java:2249)
Caused: java.io.IOException: Failed to dynamically deploy this plugin
	at hudson.model.UpdateCenter$InstallationJob._run(UpdateCenter.java:2253)
	at hudson.model.UpdateCenter$DownloadJob.run(UpdateCenter.java:1899)
	at java.base/java.util.concurrent.Executors$RunnableAdapter.call(Executors.java:572)
	at java.base/java.util.concurrent.FutureTask.run(FutureTask.java:317)
	at hudson.remoting.AtmostOneThreadExecutor$Worker.run(AtmostOneThreadExecutor.java:121)
	at java.base/java.lang.Thread.run(Thread.java:1583)
2024-08-11 00:10:57.805+0000 [id=122]	INFO	h.model.UpdateCenter$DownloadJob#run: Starting the installation of github-branch-source on behalf of admin
2024-08-11 00:10:57.805+0000 [id=122]	INFO	h.m.UpdateCenter$UpdateCenterConfiguration#download: Downloading github-branch-source
2024-08-11 00:11:06.893+0000 [id=122]	SEVERE	h.model.UpdateCenter$DownloadJob#run: Failed to install github-branch-source
java.io.IOException: Falhou para carregar: GitHub Branch Source Plugin (github-branch-source 1793.v1831e9c68d77)
 - Falha para carregar: GitHub plugin (github 1.40.0)
	at hudson.PluginWrapper.resolvePluginDependencies(PluginWrapper.java:992)
	at hudson.PluginManager.dynamicLoad(PluginManager.java:952)
Caused: java.io.IOException: Failed to install github-branch-source plugin
	at hudson.PluginManager.dynamicLoad(PluginManager.java:966)
	at hudson.model.UpdateCenter$InstallationJob._run(UpdateCenter.java:2249)
Caused: java.io.IOException: Failed to dynamically deploy this plugin
	at hudson.model.UpdateCenter$InstallationJob._run(UpdateCenter.java:2253)
	at hudson.model.UpdateCenter$DownloadJob.run(UpdateCenter.java:1899)
	at java.base/java.util.concurrent.Executors$RunnableAdapter.call(Executors.java:572)
	at java.base/java.util.concurrent.FutureTask.run(FutureTask.java:317)
	at hudson.remoting.AtmostOneThreadExecutor$Worker.run(AtmostOneThreadExecutor.java:121)
	at java.base/java.lang.Thread.run(Thread.java:1583)
2024-08-11 00:11:06.894+0000 [id=122]	INFO	h.model.UpdateCenter$DownloadJob#run: Starting the installation of pipeline-github-lib on behalf of admin
2024-08-11 00:11:06.894+0000 [id=122]	INFO	h.m.UpdateCenter$UpdateCenterConfiguration#download: Downloading pipeline-github-lib
2024-08-11 00:11:15.165+0000 [id=122]	SEVERE	h.model.UpdateCenter$DownloadJob#run: Failed to install pipeline-github-lib
java.io.IOException: Falhou para carregar: Pipeline: GitHub Groovy Libraries (pipeline-github-lib 61.v629f2cc41d83)
 - Falha para carregar: Git plugin (git 5.3.0)
	at hudson.PluginWrapper.resolvePluginDependencies(PluginWrapper.java:992)
	at hudson.PluginManager.dynamicLoad(PluginManager.java:952)
Caused: java.io.IOException: Failed to install pipeline-github-lib plugin
	at hudson.PluginManager.dynamicLoad(PluginManager.java:966)
	at hudson.model.UpdateCenter$InstallationJob._run(UpdateCenter.java:2249)
Caused: java.io.IOException: Failed to dynamically deploy this plugin
	at hudson.model.UpdateCenter$InstallationJob._run(UpdateCenter.java:2253)
	at hudson.model.UpdateCenter$DownloadJob.run(UpdateCenter.java:1899)
	at java.base/java.util.concurrent.Executors$RunnableAdapter.call(Executors.java:572)
	at java.base/java.util.concurrent.FutureTask.run(FutureTask.java:317)
	at hudson.remoting.AtmostOneThreadExecutor$Worker.run(AtmostOneThreadExecutor.java:121)
	at java.base/java.lang.Thread.run(Thread.java:1583)
2024-08-11 00:11:15.166+0000 [id=122]	INFO	h.model.UpdateCenter$DownloadJob#run: Starting the installation of pipeline-graph-analysis on behalf of admin
2024-08-11 00:11:15.166+0000 [id=122]	INFO	h.m.UpdateCenter$UpdateCenterConfiguration#download: Downloading pipeline-graph-analysis
2024-08-11 00:11:23.856+0000 [id=122]	INFO	h.model.UpdateCenter$DownloadJob#run: Installation successful: pipeline-graph-analysis
2024-08-11 00:11:23.857+0000 [id=122]	INFO	h.model.UpdateCenter$DownloadJob#run: Starting the installation of metrics on behalf of admin
2024-08-11 00:11:23.857+0000 [id=122]	INFO	h.m.UpdateCenter$UpdateCenterConfiguration#download: Downloading metrics
2024-08-11 00:11:41.091+0000 [id=122]	INFO	h.model.UpdateCenter$DownloadJob#run: Installation successful: metrics
2024-08-11 00:11:41.091+0000 [id=122]	INFO	h.model.UpdateCenter$DownloadJob#run: Starting the installation of pipeline-graph-view on behalf of admin
2024-08-11 00:11:41.091+0000 [id=122]	INFO	h.m.UpdateCenter$UpdateCenterConfiguration#download: Downloading pipeline-graph-view
2024-08-11 00:12:00.669+0000 [id=122]	SEVERE	h.model.UpdateCenter$DownloadJob#run: Failed to install pipeline-graph-view
java.io.IOException: Falhou para carregar: Pipeline Graph View Plugin (pipeline-graph-view 313.v1322ce83d680)
 - Falha para carregar: Pipeline: Declarative (pipeline-model-definition 2.2205.vc9522a_9d5711)
	at hudson.PluginWrapper.resolvePluginDependencies(PluginWrapper.java:992)
	at hudson.PluginManager.dynamicLoad(PluginManager.java:952)
Caused: java.io.IOException: Failed to install pipeline-graph-view plugin
	at hudson.PluginManager.dynamicLoad(PluginManager.java:966)
	at hudson.model.UpdateCenter$InstallationJob._run(UpdateCenter.java:2249)
Caused: java.io.IOException: Failed to dynamically deploy this plugin
	at hudson.model.UpdateCenter$InstallationJob._run(UpdateCenter.java:2253)
	at hudson.model.UpdateCenter$DownloadJob.run(UpdateCenter.java:1899)
	at java.base/java.util.concurrent.Executors$RunnableAdapter.call(Executors.java:572)
	at java.base/java.util.concurrent.FutureTask.run(FutureTask.java:317)
	at hudson.remoting.AtmostOneThreadExecutor$Worker.run(AtmostOneThreadExecutor.java:121)
	at java.base/java.lang.Thread.run(Thread.java:1583)
2024-08-11 00:12:00.669+0000 [id=122]	INFO	h.model.UpdateCenter$DownloadJob#run: Starting the installation of git on behalf of admin
2024-08-11 00:12:00.669+0000 [id=122]	INFO	h.m.UpdateCenter$UpdateCenterConfiguration#download: Downloading git
2024-08-11 00:12:02.740+0000 [id=122]	SEVERE	h.model.UpdateCenter$DownloadJob#run: Failed to install git
java.io.IOException: Falhou para carregar: Git plugin (git 5.3.0)
 - Falha para carregar: Credentials Binding Plugin (credentials-binding 681.vf91669a_32e45)
	at hudson.PluginWrapper.resolvePluginDependencies(PluginWrapper.java:992)
	at hudson.PluginManager.dynamicLoad(PluginManager.java:952)
Caused: java.io.IOException: Failed to install git plugin
	at hudson.PluginManager.dynamicLoad(PluginManager.java:966)
	at hudson.model.UpdateCenter$InstallationJob._run(UpdateCenter.java:2249)
Caused: java.io.IOException: Failed to dynamically deploy this plugin
	at hudson.model.UpdateCenter$InstallationJob._run(UpdateCenter.java:2253)
	at hudson.model.UpdateCenter$DownloadJob.run(UpdateCenter.java:1899)
	at java.base/java.util.concurrent.Executors$RunnableAdapter.call(Executors.java:572)
	at java.base/java.util.concurrent.FutureTask.run(FutureTask.java:317)
	at hudson.remoting.AtmostOneThreadExecutor$Worker.run(AtmostOneThreadExecutor.java:121)
	at java.base/java.lang.Thread.run(Thread.java:1583)
2024-08-11 00:12:02.740+0000 [id=122]	INFO	h.model.UpdateCenter$DownloadJob#run: Starting the installation of eddsa-api on behalf of admin
2024-08-11 00:12:02.741+0000 [id=122]	INFO	h.m.UpdateCenter$UpdateCenterConfiguration#download: Downloading eddsa-api
2024-08-11 00:12:03.852+0000 [id=122]	INFO	h.model.UpdateCenter$DownloadJob#run: Installation successful: eddsa-api
2024-08-11 00:12:03.852+0000 [id=122]	INFO	h.model.UpdateCenter$DownloadJob#run: Starting the installation of trilead-api on behalf of admin
2024-08-11 00:12:03.852+0000 [id=122]	INFO	h.m.UpdateCenter$UpdateCenterConfiguration#download: Downloading trilead-api
2024-08-11 00:12:17.143+0000 [id=122]	INFO	h.model.UpdateCenter$DownloadJob#run: Installation successful: trilead-api
2024-08-11 00:12:17.143+0000 [id=122]	INFO	h.model.UpdateCenter$DownloadJob#run: Starting the installation of ssh-slaves on behalf of admin
2024-08-11 00:12:17.143+0000 [id=122]	INFO	h.m.UpdateCenter$UpdateCenterConfiguration#download: Downloading ssh-slaves
2024-08-11 00:12:18.425+0000 [id=122]	INFO	h.model.UpdateCenter$DownloadJob#run: Installation successful: ssh-slaves
2024-08-11 00:12:18.425+0000 [id=122]	INFO	h.model.UpdateCenter$DownloadJob#run: Starting the installation of matrix-auth on behalf of admin
2024-08-11 00:12:18.425+0000 [id=122]	INFO	h.m.UpdateCenter$UpdateCenterConfiguration#download: Downloading matrix-auth
2024-08-11 00:12:19.827+0000 [id=122]	INFO	h.model.UpdateCenter$DownloadJob#run: Installation successful: matrix-auth
2024-08-11 00:12:19.827+0000 [id=122]	INFO	h.model.UpdateCenter$DownloadJob#run: Starting the installation of pam-auth on behalf of admin
2024-08-11 00:12:19.828+0000 [id=122]	INFO	h.m.UpdateCenter$UpdateCenterConfiguration#download: Downloading pam-auth
2024-08-11 00:12:20.951+0000 [id=122]	INFO	h.model.UpdateCenter$DownloadJob#run: Installation successful: pam-auth
2024-08-11 00:12:20.951+0000 [id=122]	INFO	h.model.UpdateCenter$DownloadJob#run: Starting the installation of ldap on behalf of admin
2024-08-11 00:12:20.951+0000 [id=122]	INFO	h.m.UpdateCenter$UpdateCenterConfiguration#download: Downloading ldap
2024-08-11 00:12:28.192+0000 [id=122]	INFO	h.model.UpdateCenter$DownloadJob#run: Installation successful: ldap
2024-08-11 00:12:28.192+0000 [id=122]	INFO	h.model.UpdateCenter$DownloadJob#run: Starting the installation of email-ext on behalf of admin
2024-08-11 00:12:28.193+0000 [id=122]	INFO	h.m.UpdateCenter$UpdateCenterConfiguration#download: Downloading email-ext
2024-08-11 00:12:31.059+0000 [id=122]	INFO	h.model.UpdateCenter$DownloadJob#run: Installation successful: email-ext
2024-08-11 00:12:31.059+0000 [id=122]	INFO	h.model.UpdateCenter$DownloadJob#run: Starting the installation of mailer on behalf of admin
2024-08-11 00:12:31.061+0000 [id=122]	INFO	h.m.UpdateCenter$InstallationJob#_run: Skipping duplicate install of: Mailer@472.vf7c289a_4b_420
2024-08-11 00:12:31.061+0000 [id=122]	INFO	h.model.UpdateCenter$DownloadJob#run: Installation successful: mailer
2024-08-11 00:12:31.061+0000 [id=122]	INFO	h.model.UpdateCenter$DownloadJob#run: Starting the installation of theme-manager on behalf of admin
2024-08-11 00:12:31.061+0000 [id=122]	INFO	h.m.UpdateCenter$UpdateCenterConfiguration#download: Downloading theme-manager
2024-08-11 00:12:32.173+0000 [id=122]	INFO	h.model.UpdateCenter$DownloadJob#run: Installation successful: theme-manager
2024-08-11 00:12:32.173+0000 [id=122]	INFO	h.model.UpdateCenter$DownloadJob#run: Starting the installation of dark-theme on behalf of admin
2024-08-11 00:12:32.173+0000 [id=122]	INFO	h.m.UpdateCenter$UpdateCenterConfiguration#download: Downloading dark-theme
2024-08-11 00:12:33.263+0000 [id=122]	INFO	h.model.UpdateCenter$DownloadJob#run: Installation successful: dark-theme
2024-08-11 00:12:33.263+0000 [id=122]	INFO	h.m.UpdateCenter$CompleteBatchJob#run: Completing installing of plugin batch…
2024-08-11 00:12:34.170+0000 [id=122]	INFO	h.p.b.g.GlobalTimeOutConfiguration#load: global timeout not set
2024-08-11 00:12:34.789+0000 [id=122]	INFO	h.m.DownloadService$Downloadable#load: Obtained the updated data file for hudson.tasks.Ant.AntInstaller
2024-08-11 00:12:35.700+0000 [id=122]	INFO	h.m.DownloadService$Downloadable#load: Obtained the updated data file for hudson.plugins.gradle.GradleInstaller
2024-08-11 00:12:35.971+0000 [id=335]	INFO	jenkins.InitReactorRunner$1#onAttained: Started initialization
2024-08-11 00:12:35.972+0000 [id=344]	INFO	jenkins.InitReactorRunner$1#onAttained: Listed all plugins
2024-08-11 00:12:35.972+0000 [id=349]	INFO	jenkins.InitReactorRunner$1#onAttained: Prepared all plugins
2024-08-11 00:12:35.982+0000 [id=356]	INFO	jenkins.InitReactorRunner$1#onAttained: Started all plugins
2024-08-11 00:12:35.983+0000 [id=356]	INFO	jenkins.InitReactorRunner$1#onAttained: Augmented all extensions
2024-08-11 00:12:35.983+0000 [id=349]	INFO	jenkins.InitReactorRunner$1#onAttained: System config loaded
2024-08-11 00:12:35.983+0000 [id=342]	INFO	jenkins.InitReactorRunner$1#onAttained: System config adapted
2024-08-11 00:12:36.037+0000 [id=353]	INFO	jenkins.InitReactorRunner$1#onAttained: Loaded all jobs
2024-08-11 00:12:36.038+0000 [id=335]	INFO	jenkins.InitReactorRunner$1#onAttained: Configuration for all jobs updated
2024-08-11 00:12:36.247+0000 [id=343]	INFO	jenkins.InitReactorRunner$1#onAttained: Completed initialization
2024-08-11 00:12:36.248+0000 [id=122]	INFO	h.m.UpdateCenter$CompleteBatchJob#run: Completed installation of 79 plugins in 7 min 24 seg
2024-08-11 00:12:47.347+0000 [id=359]	WARNING	j.m.api.Metrics$HealthChecker#execute: Some health checks are reporting as unhealthy: [plugins : There are 10 failed plugins: credentials-binding; pipeline-model-extensions; pipeline-model-definition; workflow-aggregator; git; github; github-branch-source; pipeline-github-lib; pipeline-graph-view; git]
2024-08-11 03:05:10.578+0000 [id=1102]	WARNING	hudson.security.csrf.CrumbFilter#doFilter: Found invalid crumb 4fa86cb3dce47d1ee33481991d230acbf705cdbd1bff610a3d7eec853bcae93b. If you are calling this URL with a script, please use the API Token instead. More information: https://www.jenkins.io/redirect/crumb-cannot-be-used-for-script
2024-08-11 03:05:10.578+0000 [id=1103]	WARNING	hudson.security.csrf.CrumbFilter#doFilter: Found invalid crumb 4fa86cb3dce47d1ee33481991d230acbf705cdbd1bff610a3d7eec853bcae93b. If you are calling this URL with a script, please use the API Token instead. More information: https://www.jenkins.io/redirect/crumb-cannot-be-used-for-script
2024-08-11 03:05:10.583+0000 [id=1102]	WARNING	hudson.security.csrf.CrumbFilter#doFilter: No valid crumb was included in request for /widget/BuildQueueWidget/ajax by Laura_Gomes. Returning 403.
2024-08-11 03:05:10.583+0000 [id=1103]	WARNING	hudson.security.csrf.CrumbFilter#doFilter: No valid crumb was included in request for /widget/ExecutorsWidget/ajax by Laura_Gomes. Returning 403.
2024-08-11 03:05:11.530+0000 [id=836]	WARNING	hudson.security.csrf.CrumbFilter#doFilter: Found invalid crumb 4fa86cb3dce47d1ee33481991d230acbf705cdbd1bff610a3d7eec853bcae93b. If you are calling this URL with a script, please use the API Token instead. More information: https://www.jenkins.io/redirect/crumb-cannot-be-used-for-script
2024-08-11 03:05:11.530+0000 [id=838]	WARNING	hudson.security.csrf.CrumbFilter#doFilter: Found invalid crumb 4fa86cb3dce47d1ee33481991d230acbf705cdbd1bff610a3d7eec853bcae93b. If you are calling this URL with a script, please use the API Token instead. More information: https://www.jenkins.io/redirect/crumb-cannot-be-used-for-script
2024-08-11 03:05:11.530+0000 [id=836]	WARNING	hudson.security.csrf.CrumbFilter#doFilter: No valid crumb was included in request for /widget/BuildQueueWidget/ajax by Laura_Gomes. Returning 403.
2024-08-11 03:05:11.530+0000 [id=838]	WARNING	hudson.security.csrf.CrumbFilter#doFilter: No valid crumb was included in request for /widget/ExecutorsWidget/ajax by Laura_Gomes. Returning 403.
2024-08-11 16:12:54.336+0000 [id=1]	INFO	winstone.Logger#logInternal: Beginning extraction from war file
2024-08-11 16:12:54.415+0000 [id=1]	WARNING	o.e.j.s.handler.ContextHandler#setContextPath: Empty contextPath
2024-08-11 16:12:54.479+0000 [id=1]	INFO	org.eclipse.jetty.server.Server#doStart: jetty-10.0.20; built: 2024-01-29T20:46:45.278Z; git: 3a745c71c23682146f262b99f4ddc4c1bc41630c; jvm 21.0.4+8-LTS-274
2024-08-11 16:12:54.994+0000 [id=1]	INFO	o.e.j.w.StandardDescriptorProcessor#visitServlet: NO JSP Support for /, did not find org.eclipse.jetty.jsp.JettyJspServlet
2024-08-11 16:12:55.041+0000 [id=1]	INFO	o.e.j.s.s.DefaultSessionIdManager#doStart: Session workerName=node0
2024-08-11 16:12:55.467+0000 [id=1]	INFO	hudson.WebAppMain#contextInitialized: Jenkins home directory: C:\ProgramData\Jenkins\.jenkins found at: EnvVars.masterEnvVars.get("JENKINS_HOME")
2024-08-11 16:12:55.626+0000 [id=1]	INFO	o.e.j.s.handler.ContextHandler#doStart: Started w.@69c43e48{Jenkins v2.462.1,/,file:///C:/ProgramData/Jenkins/war/,AVAILABLE}{C:\ProgramData\Jenkins\war}
2024-08-11 16:12:55.653+0000 [id=1]	INFO	o.e.j.server.AbstractConnector#doStart: Started ServerConnector@3d299e3{HTTP/1.1, (http/1.1)}{0.0.0.0:1010}
2024-08-11 16:12:55.758+0000 [id=1]	INFO	org.eclipse.jetty.server.Server#doStart: Started Server@38c5cc4c{STARTING}[10.0.20,sto=0] @2097ms
2024-08-11 16:12:55.759+0000 [id=42]	INFO	winstone.Logger#logInternal: Winstone Servlet Engine running: controlPort=disabled
2024-08-11 16:12:56.317+0000 [id=48]	INFO	jenkins.InitReactorRunner$1#onAttained: Started initialization
2024-08-11 16:12:56.529+0000 [id=67]	INFO	jenkins.InitReactorRunner$1#onAttained: Listed all plugins
2024-08-11 16:12:56.808+0000 [id=64]	SEVERE	jenkins.InitReactorRunner$1#onTaskFailed: Failed Loading plugin Credentials Binding Plugin v681.vf91669a_32e45 (credentials-binding)
java.io.IOException: Falhou para carregar: Credentials Binding Plugin (credentials-binding 681.vf91669a_32e45)
 - Não foi possível encontrar plain-credentials v179.vc5cb_98f6db_38. Para corrigir, instale v179.vc5cb_98f6db_38 ou superior.
	at hudson.PluginWrapper.resolvePluginDependencies(PluginWrapper.java:992)
	at hudson.PluginManager$2$1$1.run(PluginManager.java:555)
	at org.jvnet.hudson.reactor.TaskGraphBuilder$TaskImpl.run(TaskGraphBuilder.java:177)
	at org.jvnet.hudson.reactor.Reactor.runTask(Reactor.java:305)
	at jenkins.model.Jenkins$5.runTask(Jenkins.java:1175)
	at org.jvnet.hudson.reactor.Reactor$2.run(Reactor.java:221)
	at org.jvnet.hudson.reactor.Reactor$Node.run(Reactor.java:120)
	at jenkins.security.ImpersonatingExecutorService$1.run(ImpersonatingExecutorService.java:68)
	at java.base/java.util.concurrent.ThreadPoolExecutor.runWorker(ThreadPoolExecutor.java:1144)
	at java.base/java.util.concurrent.ThreadPoolExecutor$Worker.run(ThreadPoolExecutor.java:642)
	at java.base/java.lang.Thread.run(Thread.java:1583)
2024-08-11 16:12:56.950+0000 [id=71]	SEVERE	jenkins.InitReactorRunner$1#onTaskFailed: Failed Loading plugin Git plugin v5.3.0 (git)
java.io.IOException: Falhou para carregar: Git plugin (git 5.3.0)
 - Falha para carregar: Credentials Binding Plugin (credentials-binding 681.vf91669a_32e45)
	at hudson.PluginWrapper.resolvePluginDependencies(PluginWrapper.java:992)
	at hudson.PluginManager$2$1$1.run(PluginManager.java:555)
	at org.jvnet.hudson.reactor.TaskGraphBuilder$TaskImpl.run(TaskGraphBuilder.java:177)
	at org.jvnet.hudson.reactor.Reactor.runTask(Reactor.java:305)
	at jenkins.model.Jenkins$5.runTask(Jenkins.java:1175)
	at org.jvnet.hudson.reactor.Reactor$2.run(Reactor.java:221)
	at org.jvnet.hudson.reactor.Reactor$Node.run(Reactor.java:120)
	at jenkins.security.ImpersonatingExecutorService$1.run(ImpersonatingExecutorService.java:68)
	at java.base/java.util.concurrent.ThreadPoolExecutor.runWorker(ThreadPoolExecutor.java:1144)
	at java.base/java.util.concurrent.ThreadPoolExecutor$Worker.run(ThreadPoolExecutor.java:642)
	at java.base/java.lang.Thread.run(Thread.java:1583)
2024-08-11 16:12:56.952+0000 [id=71]	SEVERE	jenkins.InitReactorRunner$1#onTaskFailed: Failed Loading plugin GitHub plugin v1.40.0 (github)
java.io.IOException: Falhou para carregar: GitHub plugin (github 1.40.0)
 - Falha para carregar: Git plugin (git 5.3.0)
	at hudson.PluginWrapper.resolvePluginDependencies(PluginWrapper.java:992)
	at hudson.PluginManager$2$1$1.run(PluginManager.java:555)
	at org.jvnet.hudson.reactor.TaskGraphBuilder$TaskImpl.run(TaskGraphBuilder.java:177)
	at org.jvnet.hudson.reactor.Reactor.runTask(Reactor.java:305)
	at jenkins.model.Jenkins$5.runTask(Jenkins.java:1175)
	at org.jvnet.hudson.reactor.Reactor$2.run(Reactor.java:221)
	at org.jvnet.hudson.reactor.Reactor$Node.run(Reactor.java:120)
	at jenkins.security.ImpersonatingExecutorService$1.run(ImpersonatingExecutorService.java:68)
	at java.base/java.util.concurrent.ThreadPoolExecutor.runWorker(ThreadPoolExecutor.java:1144)
	at java.base/java.util.concurrent.ThreadPoolExecutor$Worker.run(ThreadPoolExecutor.java:642)
	at java.base/java.lang.Thread.run(Thread.java:1583)
2024-08-11 16:12:56.954+0000 [id=71]	SEVERE	jenkins.InitReactorRunner$1#onTaskFailed: Failed Loading plugin GitHub Branch Source Plugin v1793.v1831e9c68d77 (github-branch-source)
java.io.IOException: Falhou para carregar: GitHub Branch Source Plugin (github-branch-source 1793.v1831e9c68d77)
 - Falha para carregar: GitHub plugin (github 1.40.0)
	at hudson.PluginWrapper.resolvePluginDependencies(PluginWrapper.java:992)
	at hudson.PluginManager$2$1$1.run(PluginManager.java:555)
	at org.jvnet.hudson.reactor.TaskGraphBuilder$TaskImpl.run(TaskGraphBuilder.java:177)
	at org.jvnet.hudson.reactor.Reactor.runTask(Reactor.java:305)
	at jenkins.model.Jenkins$5.runTask(Jenkins.java:1175)
	at org.jvnet.hudson.reactor.Reactor$2.run(Reactor.java:221)
	at org.jvnet.hudson.reactor.Reactor$Node.run(Reactor.java:120)
	at jenkins.security.ImpersonatingExecutorService$1.run(ImpersonatingExecutorService.java:68)
	at java.base/java.util.concurrent.ThreadPoolExecutor.runWorker(ThreadPoolExecutor.java:1144)
	at java.base/java.util.concurrent.ThreadPoolExecutor$Worker.run(ThreadPoolExecutor.java:642)
	at java.base/java.lang.Thread.run(Thread.java:1583)
2024-08-11 16:12:57.152+0000 [id=71]	SEVERE	jenkins.InitReactorRunner$1#onTaskFailed: Failed Loading plugin Pipeline: GitHub Groovy Libraries v61.v629f2cc41d83 (pipeline-github-lib)
java.io.IOException: Falhou para carregar: Pipeline: GitHub Groovy Libraries (pipeline-github-lib 61.v629f2cc41d83)
 - Falha para carregar: Git plugin (git 5.3.0)
	at hudson.PluginWrapper.resolvePluginDependencies(PluginWrapper.java:992)
	at hudson.PluginManager$2$1$1.run(PluginManager.java:555)
	at org.jvnet.hudson.reactor.TaskGraphBuilder$TaskImpl.run(TaskGraphBuilder.java:177)
	at org.jvnet.hudson.reactor.Reactor.runTask(Reactor.java:305)
	at jenkins.model.Jenkins$5.runTask(Jenkins.java:1175)
	at org.jvnet.hudson.reactor.Reactor$2.run(Reactor.java:221)
	at org.jvnet.hudson.reactor.Reactor$Node.run(Reactor.java:120)
	at jenkins.security.ImpersonatingExecutorService$1.run(ImpersonatingExecutorService.java:68)
	at java.base/java.util.concurrent.ThreadPoolExecutor.runWorker(ThreadPoolExecutor.java:1144)
	at java.base/java.util.concurrent.ThreadPoolExecutor$Worker.run(ThreadPoolExecutor.java:642)
	at java.base/java.lang.Thread.run(Thread.java:1583)
2024-08-11 16:12:57.154+0000 [id=71]	SEVERE	jenkins.InitReactorRunner$1#onTaskFailed: Failed Loading plugin Pipeline: Declarative Extension Points API v2.2205.vc9522a_9d5711 (pipeline-model-extensions)
java.io.IOException: Falhou para carregar: Pipeline: Declarative Extension Points API (pipeline-model-extensions 2.2205.vc9522a_9d5711)
 - Falha para carregar: Credentials Binding Plugin (credentials-binding 681.vf91669a_32e45)
	at hudson.PluginWrapper.resolvePluginDependencies(PluginWrapper.java:992)
	at hudson.PluginManager$2$1$1.run(PluginManager.java:555)
	at org.jvnet.hudson.reactor.TaskGraphBuilder$TaskImpl.run(TaskGraphBuilder.java:177)
	at org.jvnet.hudson.reactor.Reactor.runTask(Reactor.java:305)
	at jenkins.model.Jenkins$5.runTask(Jenkins.java:1175)
	at org.jvnet.hudson.reactor.Reactor$2.run(Reactor.java:221)
	at org.jvnet.hudson.reactor.Reactor$Node.run(Reactor.java:120)
	at jenkins.security.ImpersonatingExecutorService$1.run(ImpersonatingExecutorService.java:68)
	at java.base/java.util.concurrent.ThreadPoolExecutor.runWorker(ThreadPoolExecutor.java:1144)
	at java.base/java.util.concurrent.ThreadPoolExecutor$Worker.run(ThreadPoolExecutor.java:642)
	at java.base/java.lang.Thread.run(Thread.java:1583)
2024-08-11 16:12:57.155+0000 [id=68]	SEVERE	jenkins.InitReactorRunner$1#onTaskFailed: Failed Loading plugin Pipeline: Declarative v2.2205.vc9522a_9d5711 (pipeline-model-definition)
java.io.IOException: Falhou para carregar: Pipeline: Declarative (pipeline-model-definition 2.2205.vc9522a_9d5711)
 - Falha para carregar: Credentials Binding Plugin (credentials-binding 681.vf91669a_32e45)
	at hudson.PluginWrapper.resolvePluginDependencies(PluginWrapper.java:992)
	at hudson.PluginManager$2$1$1.run(PluginManager.java:555)
	at org.jvnet.hudson.reactor.TaskGraphBuilder$TaskImpl.run(TaskGraphBuilder.java:177)
	at org.jvnet.hudson.reactor.Reactor.runTask(Reactor.java:305)
	at jenkins.model.Jenkins$5.runTask(Jenkins.java:1175)
	at org.jvnet.hudson.reactor.Reactor$2.run(Reactor.java:221)
	at org.jvnet.hudson.reactor.Reactor$Node.run(Reactor.java:120)
	at jenkins.security.ImpersonatingExecutorService$1.run(ImpersonatingExecutorService.java:68)
	at java.base/java.util.concurrent.ThreadPoolExecutor.runWorker(ThreadPoolExecutor.java:1144)
	at java.base/java.util.concurrent.ThreadPoolExecutor$Worker.run(ThreadPoolExecutor.java:642)
	at java.base/java.lang.Thread.run(Thread.java:1583)
2024-08-11 16:12:57.156+0000 [id=47]	SEVERE	jenkins.InitReactorRunner$1#onTaskFailed: Failed Loading plugin Pipeline Graph View Plugin v313.v1322ce83d680 (pipeline-graph-view)
java.io.IOException: Falhou para carregar: Pipeline Graph View Plugin (pipeline-graph-view 313.v1322ce83d680)
 - Falha para carregar: Pipeline: Declarative (pipeline-model-definition 2.2205.vc9522a_9d5711)
	at hudson.PluginWrapper.resolvePluginDependencies(PluginWrapper.java:992)
	at hudson.PluginManager$2$1$1.run(PluginManager.java:555)
	at org.jvnet.hudson.reactor.TaskGraphBuilder$TaskImpl.run(TaskGraphBuilder.java:177)
	at org.jvnet.hudson.reactor.Reactor.runTask(Reactor.java:305)
	at jenkins.model.Jenkins$5.runTask(Jenkins.java:1175)
	at org.jvnet.hudson.reactor.Reactor$2.run(Reactor.java:221)
	at org.jvnet.hudson.reactor.Reactor$Node.run(Reactor.java:120)
	at jenkins.security.ImpersonatingExecutorService$1.run(ImpersonatingExecutorService.java:68)
	at java.base/java.util.concurrent.ThreadPoolExecutor.runWorker(ThreadPoolExecutor.java:1144)
	at java.base/java.util.concurrent.ThreadPoolExecutor$Worker.run(ThreadPoolExecutor.java:642)
	at java.base/java.lang.Thread.run(Thread.java:1583)
2024-08-11 16:12:57.182+0000 [id=53]	SEVERE	jenkins.InitReactorRunner$1#onTaskFailed: Failed Loading plugin Pipeline v600.vb_57cdd26fdd7 (workflow-aggregator)
java.io.IOException: Falhou para carregar: Pipeline (workflow-aggregator 600.vb_57cdd26fdd7)
 - Falha para carregar: Pipeline: Declarative (pipeline-model-definition 2.2205.vc9522a_9d5711)
	at hudson.PluginWrapper.resolvePluginDependencies(PluginWrapper.java:992)
	at hudson.PluginManager$2$1$1.run(PluginManager.java:555)
	at org.jvnet.hudson.reactor.TaskGraphBuilder$TaskImpl.run(TaskGraphBuilder.java:177)
	at org.jvnet.hudson.reactor.Reactor.runTask(Reactor.java:305)
	at jenkins.model.Jenkins$5.runTask(Jenkins.java:1175)
	at org.jvnet.hudson.reactor.Reactor$2.run(Reactor.java:221)
	at org.jvnet.hudson.reactor.Reactor$Node.run(Reactor.java:120)
	at jenkins.security.ImpersonatingExecutorService$1.run(ImpersonatingExecutorService.java:68)
	at java.base/java.util.concurrent.ThreadPoolExecutor.runWorker(ThreadPoolExecutor.java:1144)
	at java.base/java.util.concurrent.ThreadPoolExecutor$Worker.run(ThreadPoolExecutor.java:642)
	at java.base/java.lang.Thread.run(Thread.java:1583)
2024-08-11 16:12:59.599+0000 [id=53]	INFO	jenkins.InitReactorRunner$1#onAttained: Prepared all plugins
2024-08-11 16:12:59.613+0000 [id=48]	INFO	jenkins.InitReactorRunner$1#onAttained: Started all plugins
2024-08-11 16:12:59.616+0000 [id=60]	INFO	jenkins.InitReactorRunner$1#onAttained: Augmented all extensions
2024-08-11 16:12:59.846+0000 [id=63]	INFO	h.p.b.g.GlobalTimeOutConfiguration#load: global timeout not set
2024-08-11 16:13:00.179+0000 [id=64]	INFO	jenkins.InitReactorRunner$1#onAttained: System config loaded
2024-08-11 16:13:00.180+0000 [id=61]	INFO	jenkins.InitReactorRunner$1#onAttained: System config adapted
2024-08-11 16:13:00.382+0000 [id=65]	INFO	jenkins.InitReactorRunner$1#onAttained: Loaded all jobs
2024-08-11 16:13:00.387+0000 [id=65]	INFO	jenkins.InitReactorRunner$1#onAttained: Configuration for all jobs updated
2024-08-11 16:13:00.409+0000 [id=51]	INFO	jenkins.InitReactorRunner$1#onAttained: Completed initialization
2024-08-11 16:13:00.432+0000 [id=41]	INFO	hudson.lifecycle.Lifecycle#onReady: Jenkins is fully up and running
2024-08-11 16:13:56.929+0000 [id=103]	WARNING	j.m.api.Metrics$HealthChecker#execute: Some health checks are reporting as unhealthy: [plugins : There are 9 failed plugins: credentials-binding; git; github; github-branch-source; pipeline-github-lib; pipeline-model-extensions; pipeline-model-definition; pipeline-graph-view; workflow-aggregator]
